65
67
70
9
10
13
14
15
17
20
22
23
25
26
27
28
91
33
40
42
45
48
54
55
56
59
60
61
192
203
140
204
206
208
217
219
220
157
159
160
161
163
164
165
232
233
234
235
236
237
238
239
182
249
125
264
280
282
260
310
311
312
313
314
896
893
894
895
448
451
389
390
454
394
366
367
430
401
404
405
406
444
477
673
705
547
579
708
596
628
724
961
998
987
988
941
959
1220
1031
1166
1109
1113
1053
1055
1249
1125
1192
1133
1198
1073
1015
1143
1145
1146
1215
1057
1071
1077
1078
1079
1080
1081
1082
1084
1085
1089
1092
1094
1095
1096
1098
1099
1101
1102
1104
1105
1106
1107
1108
1112
1115
1117
1118
1119
1120
1121
1122
1123
1124
1126
1127
1128
1130
1131
1132
1134
1135
1136
1137
1138
1139
1140
1141
1142
1144
1147
1148
1149
1150
1151
1152
1153
1154
1155
1156
1157
1158
1159
1160
1161
1162
1163
1164
1165
1167
1168
1169
1170
1171
1172
1173
1174
1175
1176
1177
1178
1179
1180
1183
1184
1185
1186
1187
1188
1189
1190
1191
1193
1194
1195
1196
1197
1199
1200
1201
1202
1203
1204
1205
1206
1207
1208
1209
1210
1211
1212
1213
1214
1216
1217
1218
1219
1221
1222
1223
1224
1225
1226
1227
1228
1229
1230
1231
1232
1233
1234
1235
1236
1237
1238
1239
1240
1241
1242
1243
1244
1245
1246
1247
1248
1000
1001
1002
1003
1004
1005
1006
1007
1008
1013
1014
1018
1019
1020
1022
1023
1292
1332
1360
1363
1404
1414
1415
1423
1424
1425
1426
1427
1428
1429
1430
1431
1432
1433
1434
1435
1436
1437
1438
1439
1440
1441
1442
1443
1444
1445
1446
1447
1448
1449
1450
1451
1452
1453
1454
1455
1456
1457
1458
1459
1460
1461
1462
1463
1464
1465
1466
1467
1468
1469
1470
1471
1472
1473
1474
1475
1476
1477
1478
1479
1480
1481
1482
1483
1484
1485
1486
1487
1488
1489
1490
1491
1492
1493
1494
1495
1496
1497
1498
1499
